0 info it worked if it ends with ok
1 verbose cli [ 'node',
1 verbose cli   '/usr/local/bin/npm',
1 verbose cli   'install',
1 verbose cli   '--save',
1 verbose cli   'express',
1 verbose cli   'body-parser',
1 verbose cli   'passport',
1 verbose cli   'passport-local',
1 verbose cli   'cookie-parsercookie-session',
1 verbose cli   'connect-flash',
1 verbose cli   'morgan',
1 verbose cli   'ejs',
1 verbose cli   'express-session',
1 verbose cli   'lodash',
1 verbose cli   'bcrypt',
1 verbose cli   'pg',
1 verbose cli   'sequelize' ]
2 info using npm@1.4.28
3 info using node@v0.10.32
4 warn package.json project_one@1.0.0 No description
5 warn package.json project_one@1.0.0 No repository field.
6 warn package.json project_one@1.0.0 No README data
7 verbose readDependencies using package.json deps
8 verbose cache add [ 'express@^4.10.0', null ]
9 verbose cache add name=undefined spec="express@^4.10.0" args=["express@^4.10.0",null]
10 verbose parsed url { protocol: null,
10 verbose parsed url   slashes: null,
10 verbose parsed url   auth: null,
10 verbose parsed url   host: null,
10 verbose parsed url   port: null,
10 verbose parsed url   hostname: null,
10 verbose parsed url   hash: null,
10 verbose parsed url   search: null,
10 verbose parsed url   query: null,
10 verbose parsed url   pathname: 'express@^4.10.0',
10 verbose parsed url   path: 'express@^4.10.0',
10 verbose parsed url   href: 'express@^4.10.0' }
11 verbose cache add [ 'body-parser@^1.9.1', null ]
12 verbose cache add name=undefined spec="body-parser@^1.9.1" args=["body-parser@^1.9.1",null]
13 verbose parsed url { protocol: null,
13 verbose parsed url   slashes: null,
13 verbose parsed url   auth: null,
13 verbose parsed url   host: null,
13 verbose parsed url   port: null,
13 verbose parsed url   hostname: null,
13 verbose parsed url   hash: null,
13 verbose parsed url   search: null,
13 verbose parsed url   query: null,
13 verbose parsed url   pathname: 'body-parser@^1.9.1',
13 verbose parsed url   path: 'body-parser@^1.9.1',
13 verbose parsed url   href: 'body-parser@^1.9.1' }
14 verbose cache add [ 'passport@^0.2.1', null ]
15 verbose cache add name=undefined spec="passport@^0.2.1" args=["passport@^0.2.1",null]
16 verbose parsed url { protocol: null,
16 verbose parsed url   slashes: null,
16 verbose parsed url   auth: null,
16 verbose parsed url   host: null,
16 verbose parsed url   port: null,
16 verbose parsed url   hostname: null,
16 verbose parsed url   hash: null,
16 verbose parsed url   search: null,
16 verbose parsed url   query: null,
16 verbose parsed url   pathname: 'passport@^0.2.1',
16 verbose parsed url   path: 'passport@^0.2.1',
16 verbose parsed url   href: 'passport@^0.2.1' }
17 verbose cache add [ 'passport-local@^1.0.0', null ]
18 verbose cache add name=undefined spec="passport-local@^1.0.0" args=["passport-local@^1.0.0",null]
19 verbose parsed url { protocol: null,
19 verbose parsed url   slashes: null,
19 verbose parsed url   auth: null,
19 verbose parsed url   host: null,
19 verbose parsed url   port: null,
19 verbose parsed url   hostname: null,
19 verbose parsed url   hash: null,
19 verbose parsed url   search: null,
19 verbose parsed url   query: null,
19 verbose parsed url   pathname: 'passport-local@^1.0.0',
19 verbose parsed url   path: 'passport-local@^1.0.0',
19 verbose parsed url   href: 'passport-local@^1.0.0' }
20 verbose cache add [ 'cookie-parsercookie-session', null ]
21 verbose cache add name=undefined spec="cookie-parsercookie-session" args=["cookie-parsercookie-session",null]
22 verbose parsed url { protocol: null,
22 verbose parsed url   slashes: null,
22 verbose parsed url   auth: null,
22 verbose parsed url   host: null,
22 verbose parsed url   port: null,
22 verbose parsed url   hostname: null,
22 verbose parsed url   hash: null,
22 verbose parsed url   search: null,
22 verbose parsed url   query: null,
22 verbose parsed url   pathname: 'cookie-parsercookie-session',
22 verbose parsed url   path: 'cookie-parsercookie-session',
22 verbose parsed url   href: 'cookie-parsercookie-session' }
23 verbose cache add [ 'connect-flash', null ]
24 verbose cache add name=undefined spec="connect-flash" args=["connect-flash",null]
25 verbose parsed url { protocol: null,
25 verbose parsed url   slashes: null,
25 verbose parsed url   auth: null,
25 verbose parsed url   host: null,
25 verbose parsed url   port: null,
25 verbose parsed url   hostname: null,
25 verbose parsed url   hash: null,
25 verbose parsed url   search: null,
25 verbose parsed url   query: null,
25 verbose parsed url   pathname: 'connect-flash',
25 verbose parsed url   path: 'connect-flash',
25 verbose parsed url   href: 'connect-flash' }
26 verbose cache add [ 'morgan', null ]
27 verbose cache add name=undefined spec="morgan" args=["morgan",null]
28 verbose parsed url { protocol: null,
28 verbose parsed url   slashes: null,
28 verbose parsed url   auth: null,
28 verbose parsed url   host: null,
28 verbose parsed url   port: null,
28 verbose parsed url   hostname: null,
28 verbose parsed url   hash: null,
28 verbose parsed url   search: null,
28 verbose parsed url   query: null,
28 verbose parsed url   pathname: 'morgan',
28 verbose parsed url   path: 'morgan',
28 verbose parsed url   href: 'morgan' }
29 verbose cache add [ 'ejs', null ]
30 verbose cache add name=undefined spec="ejs" args=["ejs",null]
31 verbose parsed url { protocol: null,
31 verbose parsed url   slashes: null,
31 verbose parsed url   auth: null,
31 verbose parsed url   host: null,
31 verbose parsed url   port: null,
31 verbose parsed url   hostname: null,
31 verbose parsed url   hash: null,
31 verbose parsed url   search: null,
31 verbose parsed url   query: null,
31 verbose parsed url   pathname: 'ejs',
31 verbose parsed url   path: 'ejs',
31 verbose parsed url   href: 'ejs' }
32 verbose cache add [ 'express-session', null ]
33 verbose cache add name=undefined spec="express-session" args=["express-session",null]
34 verbose parsed url { protocol: null,
34 verbose parsed url   slashes: null,
34 verbose parsed url   auth: null,
34 verbose parsed url   host: null,
34 verbose parsed url   port: null,
34 verbose parsed url   hostname: null,
34 verbose parsed url   hash: null,
34 verbose parsed url   search: null,
34 verbose parsed url   query: null,
34 verbose parsed url   pathname: 'express-session',
34 verbose parsed url   path: 'express-session',
34 verbose parsed url   href: 'express-session' }
35 verbose cache add [ 'lodash', null ]
36 verbose cache add name=undefined spec="lodash" args=["lodash",null]
37 verbose parsed url { protocol: null,
37 verbose parsed url   slashes: null,
37 verbose parsed url   auth: null,
37 verbose parsed url   host: null,
37 verbose parsed url   port: null,
37 verbose parsed url   hostname: null,
37 verbose parsed url   hash: null,
37 verbose parsed url   search: null,
37 verbose parsed url   query: null,
37 verbose parsed url   pathname: 'lodash',
37 verbose parsed url   path: 'lodash',
37 verbose parsed url   href: 'lodash' }
38 verbose cache add [ 'bcrypt', null ]
39 verbose cache add name=undefined spec="bcrypt" args=["bcrypt",null]
40 verbose parsed url { protocol: null,
40 verbose parsed url   slashes: null,
40 verbose parsed url   auth: null,
40 verbose parsed url   host: null,
40 verbose parsed url   port: null,
40 verbose parsed url   hostname: null,
40 verbose parsed url   hash: null,
40 verbose parsed url   search: null,
40 verbose parsed url   query: null,
40 verbose parsed url   pathname: 'bcrypt',
40 verbose parsed url   path: 'bcrypt',
40 verbose parsed url   href: 'bcrypt' }
41 verbose cache add [ 'pg', null ]
42 verbose cache add name=undefined spec="pg" args=["pg",null]
43 verbose parsed url { protocol: null,
43 verbose parsed url   slashes: null,
43 verbose parsed url   auth: null,
43 verbose parsed url   host: null,
43 verbose parsed url   port: null,
43 verbose parsed url   hostname: null,
43 verbose parsed url   hash: null,
43 verbose parsed url   search: null,
43 verbose parsed url   query: null,
43 verbose parsed url   pathname: 'pg',
43 verbose parsed url   path: 'pg',
43 verbose parsed url   href: 'pg' }
44 verbose cache add [ 'sequelize', null ]
45 verbose cache add name=undefined spec="sequelize" args=["sequelize",null]
46 verbose parsed url { protocol: null,
46 verbose parsed url   slashes: null,
46 verbose parsed url   auth: null,
46 verbose parsed url   host: null,
46 verbose parsed url   port: null,
46 verbose parsed url   hostname: null,
46 verbose parsed url   hash: null,
46 verbose parsed url   search: null,
46 verbose parsed url   query: null,
46 verbose parsed url   pathname: 'sequelize',
46 verbose parsed url   path: 'sequelize',
46 verbose parsed url   href: 'sequelize' }
47 verbose cache add name="express" spec="^4.10.0" args=["express","^4.10.0"]
48 verbose parsed url { protocol: null,
48 verbose parsed url   slashes: null,
48 verbose parsed url   auth: null,
48 verbose parsed url   host: null,
48 verbose parsed url   port: null,
48 verbose parsed url   hostname: null,
48 verbose parsed url   hash: null,
48 verbose parsed url   search: null,
48 verbose parsed url   query: null,
48 verbose parsed url   pathname: '^4.10.0',
48 verbose parsed url   path: '^4.10.0',
48 verbose parsed url   href: '^4.10.0' }
49 verbose addNamed [ 'express', '^4.10.0' ]
50 verbose addNamed [ null, '>=4.10.0-0 <5.0.0-0' ]
51 verbose cache add name="body-parser" spec="^1.9.1" args=["body-parser","^1.9.1"]
52 verbose parsed url { protocol: null,
52 verbose parsed url   slashes: null,
52 verbose parsed url   auth: null,
52 verbose parsed url   host: null,
52 verbose parsed url   port: null,
52 verbose parsed url   hostname: null,
52 verbose parsed url   hash: null,
52 verbose parsed url   search: null,
52 verbose parsed url   query: null,
52 verbose parsed url   pathname: '^1.9.1',
52 verbose parsed url   path: '^1.9.1',
52 verbose parsed url   href: '^1.9.1' }
53 verbose addNamed [ 'body-parser', '^1.9.1' ]
54 verbose addNamed [ null, '>=1.9.1-0 <2.0.0-0' ]
55 verbose cache add name="passport" spec="^0.2.1" args=["passport","^0.2.1"]
56 verbose parsed url { protocol: null,
56 verbose parsed url   slashes: null,
56 verbose parsed url   auth: null,
56 verbose parsed url   host: null,
56 verbose parsed url   port: null,
56 verbose parsed url   hostname: null,
56 verbose parsed url   hash: null,
56 verbose parsed url   search: null,
56 verbose parsed url   query: null,
56 verbose parsed url   pathname: '^0.2.1',
56 verbose parsed url   path: '^0.2.1',
56 verbose parsed url   href: '^0.2.1' }
57 verbose addNamed [ 'passport', '^0.2.1' ]
58 verbose addNamed [ null, '>=0.2.1-0 <0.3.0-0' ]
59 verbose cache add name="passport-local" spec="^1.0.0" args=["passport-local","^1.0.0"]
60 verbose parsed url { protocol: null,
60 verbose parsed url   slashes: null,
60 verbose parsed url   auth: null,
60 verbose parsed url   host: null,
60 verbose parsed url   port: null,
60 verbose parsed url   hostname: null,
60 verbose parsed url   hash: null,
60 verbose parsed url   search: null,
60 verbose parsed url   query: null,
60 verbose parsed url   pathname: '^1.0.0',
60 verbose parsed url   path: '^1.0.0',
60 verbose parsed url   href: '^1.0.0' }
61 verbose addNamed [ 'passport-local', '^1.0.0' ]
62 verbose addNamed [ null, '>=1.0.0-0 <2.0.0-0' ]
63 silly lockFile 1da83e4a-express-4-10-0 express@^4.10.0
64 verbose lock express@^4.10.0 /Users/jamesduffy/.npm/1da83e4a-express-4-10-0.lock
65 silly lockFile 55b4c65f-body-parser-1-9-1 body-parser@^1.9.1
66 verbose lock body-parser@^1.9.1 /Users/jamesduffy/.npm/55b4c65f-body-parser-1-9-1.lock
67 silly lockFile 7e55d14c-passport-0-2-1 passport@^0.2.1
68 verbose lock passport@^0.2.1 /Users/jamesduffy/.npm/7e55d14c-passport-0-2-1.lock
69 silly lockFile 1fd84617-passport-local-1-0-0 passport-local@^1.0.0
70 verbose lock passport-local@^1.0.0 /Users/jamesduffy/.npm/1fd84617-passport-local-1-0-0.lock
71 silly lockFile c60f09ba-cookie-parsercookie-session cookie-parsercookie-session
72 verbose lock cookie-parsercookie-session /Users/jamesduffy/.npm/c60f09ba-cookie-parsercookie-session.lock
73 silly lockFile 63b77219-connect-flash connect-flash
74 verbose lock connect-flash /Users/jamesduffy/.npm/63b77219-connect-flash.lock
75 silly lockFile 519bc3f0-morgan morgan
76 verbose lock morgan /Users/jamesduffy/.npm/519bc3f0-morgan.lock
77 silly lockFile 75eeca8f-ejs ejs
78 verbose lock ejs /Users/jamesduffy/.npm/75eeca8f-ejs.lock
79 silly lockFile 6ca9c35e-express-session express-session
80 verbose lock express-session /Users/jamesduffy/.npm/6ca9c35e-express-session.lock
81 silly lockFile 901466a5-lodash lodash
82 verbose lock lodash /Users/jamesduffy/.npm/901466a5-lodash.lock
83 silly lockFile 51684124-bcrypt bcrypt
84 verbose lock bcrypt /Users/jamesduffy/.npm/51684124-bcrypt.lock
85 silly lockFile 96dd8d96-pg pg
86 verbose lock pg /Users/jamesduffy/.npm/96dd8d96-pg.lock
87 silly lockFile 35595a70-sequelize sequelize
88 verbose lock sequelize /Users/jamesduffy/.npm/35595a70-sequelize.lock
89 silly addNameRange { name: 'express', range: '>=4.10.0-0 <5.0.0-0', hasData: false }
90 silly addNameRange { name: 'body-parser',
90 silly addNameRange   range: '>=1.9.1-0 <2.0.0-0',
90 silly addNameRange   hasData: false }
91 silly addNameRange { name: 'passport', range: '>=0.2.1-0 <0.3.0-0', hasData: false }
92 silly addNameRange { name: 'passport-local',
92 silly addNameRange   range: '>=1.0.0-0 <2.0.0-0',
92 silly addNameRange   hasData: false }
93 silly lockFile c60f09ba-cookie-parsercookie-session cookie-parsercookie-session
94 silly lockFile c60f09ba-cookie-parsercookie-session cookie-parsercookie-session
95 silly lockFile 63b77219-connect-flash connect-flash
96 silly lockFile 63b77219-connect-flash connect-flash
97 silly lockFile 75eeca8f-ejs ejs
98 silly lockFile 75eeca8f-ejs ejs
99 silly lockFile 6ca9c35e-express-session express-session
100 silly lockFile 6ca9c35e-express-session express-session
101 silly lockFile 901466a5-lodash lodash
102 silly lockFile 901466a5-lodash lodash
103 silly lockFile 519bc3f0-morgan morgan
104 silly lockFile 519bc3f0-morgan morgan
105 silly lockFile 51684124-bcrypt bcrypt
106 silly lockFile 51684124-bcrypt bcrypt
107 silly lockFile 96dd8d96-pg pg
108 silly lockFile 96dd8d96-pg pg
109 silly lockFile 35595a70-sequelize sequelize
110 silly lockFile 35595a70-sequelize sequelize
111 verbose addNamed [ 'cookie-parsercookie-session', '' ]
112 verbose addNamed [ null, '*' ]
113 silly lockFile c999b59f-cookie-parsercookie-session cookie-parsercookie-session@
114 verbose lock cookie-parsercookie-session@ /Users/jamesduffy/.npm/c999b59f-cookie-parsercookie-session.lock
115 verbose addNamed [ 'connect-flash', '' ]
116 verbose addNamed [ null, '*' ]
117 silly lockFile 5d858a09-connect-flash connect-flash@
118 verbose lock connect-flash@ /Users/jamesduffy/.npm/5d858a09-connect-flash.lock
119 verbose addNamed [ 'ejs', '' ]
120 verbose addNamed [ null, '*' ]
121 silly lockFile bcdf6e5f-ejs ejs@
122 verbose lock ejs@ /Users/jamesduffy/.npm/bcdf6e5f-ejs.lock
123 verbose addNamed [ 'express-session', '' ]
124 verbose addNamed [ null, '*' ]
125 silly lockFile 03cac062-express-session express-session@
126 verbose lock express-session@ /Users/jamesduffy/.npm/03cac062-express-session.lock
127 verbose addNamed [ 'lodash', '' ]
128 verbose addNamed [ null, '*' ]
129 silly lockFile f856e425-lodash lodash@
130 verbose lock lodash@ /Users/jamesduffy/.npm/f856e425-lodash.lock
131 verbose addNamed [ 'morgan', '' ]
132 verbose addNamed [ null, '*' ]
133 silly lockFile aca3bbc6-morgan morgan@
134 verbose lock morgan@ /Users/jamesduffy/.npm/aca3bbc6-morgan.lock
135 verbose addNamed [ 'bcrypt', '' ]
136 verbose addNamed [ null, '*' ]
137 silly lockFile 1351601c-bcrypt bcrypt@
138 verbose lock bcrypt@ /Users/jamesduffy/.npm/1351601c-bcrypt.lock
139 verbose addNamed [ 'pg', '' ]
140 verbose addNamed [ null, '*' ]
141 silly lockFile 48c85ce3-pg pg@
142 verbose lock pg@ /Users/jamesduffy/.npm/48c85ce3-pg.lock
143 verbose addNamed [ 'sequelize', '' ]
144 verbose addNamed [ null, '*' ]
145 silly lockFile 57143dcb-sequelize sequelize@
146 verbose lock sequelize@ /Users/jamesduffy/.npm/57143dcb-sequelize.lock
147 silly addNameRange { name: 'cookie-parsercookie-session',
147 silly addNameRange   range: '*',
147 silly addNameRange   hasData: false }
148 silly addNameRange { name: 'connect-flash', range: '*', hasData: false }
149 silly addNameRange { name: 'ejs', range: '*', hasData: false }
150 silly addNameRange { name: 'express-session', range: '*', hasData: false }
151 silly addNameRange { name: 'lodash', range: '*', hasData: false }
152 silly addNameRange { name: 'morgan', range: '*', hasData: false }
153 silly addNameRange { name: 'bcrypt', range: '*', hasData: false }
154 verbose request where is /express
155 verbose request registry https://registry.npmjs.org/
156 verbose request id 85d4df7fb8b09ec7
157 verbose url raw /express
158 verbose url resolving [ 'https://registry.npmjs.org/', './express' ]
159 verbose url resolved https://registry.npmjs.org/express
160 verbose request where is https://registry.npmjs.org/express
161 info trying registry request attempt 1 at 11:48:36
162 verbose etag "1QCN4R8XHGWME8L63DW1MVMR6"
163 http GET https://registry.npmjs.org/express
164 verbose request where is /body-parser
165 verbose request registry https://registry.npmjs.org/
166 verbose url raw /body-parser
167 verbose url resolving [ 'https://registry.npmjs.org/', './body-parser' ]
168 verbose url resolved https://registry.npmjs.org/body-parser
169 verbose request where is https://registry.npmjs.org/body-parser
170 info trying registry request attempt 1 at 11:48:36
171 verbose etag "6H78ALJN535B9H0WANI691DPE"
172 http GET https://registry.npmjs.org/body-parser
173 silly addNameRange { name: 'pg', range: '*', hasData: false }
174 verbose request where is /passport-local
175 verbose request registry https://registry.npmjs.org/
176 verbose url raw /passport-local
177 verbose url resolving [ 'https://registry.npmjs.org/', './passport-local' ]
178 verbose url resolved https://registry.npmjs.org/passport-local
179 verbose request where is https://registry.npmjs.org/passport-local
180 info trying registry request attempt 1 at 11:48:36
181 verbose etag "F2MBNKV8QACAF4X2DU6NVNKR8"
182 http GET https://registry.npmjs.org/passport-local
183 silly addNameRange { name: 'sequelize', range: '*', hasData: false }
184 verbose request where is /passport
185 verbose request registry https://registry.npmjs.org/
186 verbose url raw /passport
187 verbose url resolving [ 'https://registry.npmjs.org/', './passport' ]
188 verbose url resolved https://registry.npmjs.org/passport
189 verbose request where is https://registry.npmjs.org/passport
190 info trying registry request attempt 1 at 11:48:36
191 verbose etag "79U5E9JDIGAQHPBAUUMQDWTSU"
192 http GET https://registry.npmjs.org/passport
193 verbose request where is /cookie-parsercookie-session
194 verbose request registry https://registry.npmjs.org/
195 verbose url raw /cookie-parsercookie-session
196 verbose url resolving [ 'https://registry.npmjs.org/',
196 verbose url resolving   './cookie-parsercookie-session' ]
197 verbose url resolved https://registry.npmjs.org/cookie-parsercookie-session
198 verbose request where is https://registry.npmjs.org/cookie-parsercookie-session
199 info trying registry request attempt 1 at 11:48:36
200 http GET https://registry.npmjs.org/cookie-parsercookie-session
201 verbose request where is /connect-flash
202 verbose request registry https://registry.npmjs.org/
203 verbose url raw /connect-flash
204 verbose url resolving [ 'https://registry.npmjs.org/', './connect-flash' ]
205 verbose url resolved https://registry.npmjs.org/connect-flash
206 verbose request where is https://registry.npmjs.org/connect-flash
207 info trying registry request attempt 1 at 11:48:36
208 verbose etag "5J4UC4TV2EWVUU1RDUVAXGKO3"
209 http GET https://registry.npmjs.org/connect-flash
210 verbose request where is /express-session
211 verbose request registry https://registry.npmjs.org/
212 verbose url raw /express-session
213 verbose url resolving [ 'https://registry.npmjs.org/', './express-session' ]
214 verbose url resolved https://registry.npmjs.org/express-session
215 verbose request where is https://registry.npmjs.org/express-session
216 info trying registry request attempt 1 at 11:48:36
217 verbose etag "50LLO0XV3TOBT97D6S21MRMXX"
218 http GET https://registry.npmjs.org/express-session
219 verbose request where is /ejs
220 verbose request registry https://registry.npmjs.org/
221 verbose url raw /ejs
222 verbose url resolving [ 'https://registry.npmjs.org/', './ejs' ]
223 verbose url resolved https://registry.npmjs.org/ejs
224 verbose request where is https://registry.npmjs.org/ejs
225 info trying registry request attempt 1 at 11:48:36
226 verbose etag "15TJWYSPTT04PG8RFMKMQ8233"
227 http GET https://registry.npmjs.org/ejs
228 verbose request where is /lodash
229 verbose request registry https://registry.npmjs.org/
230 verbose url raw /lodash
231 verbose url resolving [ 'https://registry.npmjs.org/', './lodash' ]
232 verbose url resolved https://registry.npmjs.org/lodash
233 verbose request where is https://registry.npmjs.org/lodash
234 info trying registry request attempt 1 at 11:48:36
235 verbose etag "KUL1TEPQQOJ7LC9P63GTQDPX"
236 http GET https://registry.npmjs.org/lodash
237 verbose request where is /morgan
238 verbose request registry https://registry.npmjs.org/
239 verbose url raw /morgan
240 verbose url resolving [ 'https://registry.npmjs.org/', './morgan' ]
241 verbose url resolved https://registry.npmjs.org/morgan
242 verbose request where is https://registry.npmjs.org/morgan
243 info trying registry request attempt 1 at 11:48:36
244 verbose etag "845YH9YY93XXM0OJZYG6I3IRQ"
245 http GET https://registry.npmjs.org/morgan
246 verbose request where is /bcrypt
247 verbose request registry https://registry.npmjs.org/
248 verbose url raw /bcrypt
249 verbose url resolving [ 'https://registry.npmjs.org/', './bcrypt' ]
250 verbose url resolved https://registry.npmjs.org/bcrypt
251 verbose request where is https://registry.npmjs.org/bcrypt
252 info trying registry request attempt 1 at 11:48:36
253 verbose etag "3IPU9Q845JPBC06WKDBHWE4QW"
254 http GET https://registry.npmjs.org/bcrypt
255 verbose request where is /sequelize
256 verbose request registry https://registry.npmjs.org/
257 verbose url raw /sequelize
258 verbose url resolving [ 'https://registry.npmjs.org/', './sequelize' ]
259 verbose url resolved https://registry.npmjs.org/sequelize
260 verbose request where is https://registry.npmjs.org/sequelize
261 info trying registry request attempt 1 at 11:48:36
262 verbose etag "8SQARYUUWQ9WUCP7WEZ2I0UB"
263 http GET https://registry.npmjs.org/sequelize
264 verbose request where is /pg
265 verbose request registry https://registry.npmjs.org/
266 verbose url raw /pg
267 verbose url resolving [ 'https://registry.npmjs.org/', './pg' ]
268 verbose url resolved https://registry.npmjs.org/pg
269 verbose request where is https://registry.npmjs.org/pg
270 info trying registry request attempt 1 at 11:48:36
271 verbose etag "4GU2GLNYVZHQJDT487VEQ55BU"
272 http GET https://registry.npmjs.org/pg
273 http 304 https://registry.npmjs.org/body-parser
274 silly registry.get cb [ 304,
274 silly registry.get   { date: 'Fri, 24 Oct 2014 18:48:36 GMT',
274 silly registry.get     server: 'Apache',
274 silly registry.get     via: '1.1 varnish',
274 silly registry.get     'last-modified': 'Fri, 24 Oct 2014 18:48:36 GMT',
274 silly registry.get     'cache-control': 'max-age=60',
274 silly registry.get     etag: '"6H78ALJN535B9H0WANI691DPE"',
274 silly registry.get     age: '60',
274 silly registry.get     'x-served-by': 'cache-lax1424-LAX',
274 silly registry.get     'x-cache': 'HIT',
274 silly registry.get     'x-cache-hits': '1',
274 silly registry.get     'x-timer': 'S1414176516.985666,VS0,VE0',
274 silly registry.get     vary: 'Accept',
274 silly registry.get     'content-length': '0',
274 silly registry.get     'keep-alive': 'timeout=10, max=50',
274 silly registry.get     connection: 'Keep-Alive' } ]
275 verbose etag https://registry.npmjs.org/body-parser from cache
276 http 304 https://registry.npmjs.org/passport
277 silly registry.get cb [ 304,
277 silly registry.get   { date: 'Fri, 24 Oct 2014 18:48:36 GMT',
277 silly registry.get     server: 'Apache',
277 silly registry.get     via: '1.1 varnish',
277 silly registry.get     'last-modified': 'Fri, 24 Oct 2014 18:48:16 GMT',
277 silly registry.get     'cache-control': 'max-age=60',
277 silly registry.get     etag: '"79U5E9JDIGAQHPBAUUMQDWTSU"',
277 silly registry.get     age: '47',
277 silly registry.get     'x-served-by': 'cache-lax1421-LAX',
277 silly registry.get     'x-cache': 'HIT',
277 silly registry.get     'x-cache-hits': '2',
277 silly registry.get     'x-timer': 'S1414176516.986656,VS0,VE0',
277 silly registry.get     vary: 'Accept',
277 silly registry.get     'content-length': '0',
277 silly registry.get     'keep-alive': 'timeout=10, max=50',
277 silly registry.get     connection: 'Keep-Alive' } ]
278 verbose etag https://registry.npmjs.org/passport from cache
279 http 304 https://registry.npmjs.org/passport-local
280 silly registry.get cb [ 304,
280 silly registry.get   { date: 'Fri, 24 Oct 2014 18:48:36 GMT',
280 silly registry.get     server: 'Apache',
280 silly registry.get     via: '1.1 varnish',
280 silly registry.get     'last-modified': 'Fri, 24 Oct 2014 18:48:36 GMT',
280 silly registry.get     'cache-control': 'max-age=60',
280 silly registry.get     etag: '"F2MBNKV8QACAF4X2DU6NVNKR8"',
280 silly registry.get     age: '22',
280 silly registry.get     'x-served-by': 'cache-lax1428-LAX',
280 silly registry.get     'x-cache': 'HIT',
280 silly registry.get     'x-cache-hits': '1',
280 silly registry.get     'x-timer': 'S1414176516.988083,VS0,VE0',
280 silly registry.get     vary: 'Accept',
280 silly registry.get     'content-length': '0',
280 silly registry.get     'keep-alive': 'timeout=10, max=50',
280 silly registry.get     connection: 'Keep-Alive' } ]
281 verbose etag https://registry.npmjs.org/passport-local from cache
282 http 304 https://registry.npmjs.org/express
283 silly registry.get cb [ 304,
283 silly registry.get   { date: 'Fri, 24 Oct 2014 18:48:36 GMT',
283 silly registry.get     server: 'Apache',
283 silly registry.get     via: '1.1 varnish',
283 silly registry.get     'last-modified': 'Fri, 24 Oct 2014 18:48:36 GMT',
283 silly registry.get     'cache-control': 'max-age=60',
283 silly registry.get     etag: '"1QCN4R8XHGWME8L63DW1MVMR6"',
283 silly registry.get     age: '24',
283 silly registry.get     'x-served-by': 'cache-lax1429-LAX',
283 silly registry.get     'x-cache': 'HIT',
283 silly registry.get     'x-cache-hits': '1',
283 silly registry.get     'x-timer': 'S1414176516.985294,VS0,VE1',
283 silly registry.get     vary: 'Accept',
283 silly registry.get     'content-length': '0',
283 silly registry.get     'keep-alive': 'timeout=10, max=50',
283 silly registry.get     connection: 'Keep-Alive' } ]
284 verbose etag https://registry.npmjs.org/express from cache
285 silly addNameRange number 2 { name: 'passport', range: '>=0.2.1-0 <0.3.0-0', hasData: true }
286 silly addNameRange versions [ 'passport',
286 silly addNameRange   [ '0.1.0',
286 silly addNameRange     '0.1.1',
286 silly addNameRange     '0.1.2',
286 silly addNameRange     '0.1.3',
286 silly addNameRange     '0.1.4',
286 silly addNameRange     '0.1.5',
286 silly addNameRange     '0.1.6',
286 silly addNameRange     '0.1.7',
286 silly addNameRange     '0.1.8',
286 silly addNameRange     '0.1.9',
286 silly addNameRange     '0.1.10',
286 silly addNameRange     '0.1.11',
286 silly addNameRange     '0.1.12',
286 silly addNameRange     '0.1.13',
286 silly addNameRange     '0.1.14',
286 silly addNameRange     '0.1.15',
286 silly addNameRange     '0.1.16',
286 silly addNameRange     '0.1.17',
286 silly addNameRange     '0.1.18',
286 silly addNameRange     '0.2.0',
286 silly addNameRange     '0.2.1' ] ]
287 verbose addNamed [ 'passport', '0.2.1' ]
288 verbose addNamed [ '0.2.1', '0.2.1' ]
289 silly lockFile b563cf22-passport-0-2-1 passport@0.2.1
290 verbose lock passport@0.2.1 /Users/jamesduffy/.npm/b563cf22-passport-0-2-1.lock
291 silly addNameRange number 2 { name: 'passport-local',
291 silly addNameRange   range: '>=1.0.0-0 <2.0.0-0',
291 silly addNameRange   hasData: true }
292 silly addNameRange versions [ 'passport-local',
292 silly addNameRange   [ '0.1.0',
292 silly addNameRange     '0.1.1',
292 silly addNameRange     '0.1.2',
292 silly addNameRange     '0.1.3',
292 silly addNameRange     '0.1.4',
292 silly addNameRange     '0.1.5',
292 silly addNameRange     '0.1.6',
292 silly addNameRange     '1.0.0' ] ]
293 verbose addNamed [ 'passport-local', '1.0.0' ]
294 verbose addNamed [ '1.0.0', '1.0.0' ]
295 silly lockFile 8defd22e-passport-local-1-0-0 passport-local@1.0.0
296 verbose lock passport-local@1.0.0 /Users/jamesduffy/.npm/8defd22e-passport-local-1-0-0.lock
297 silly addNameRange number 2 { name: 'body-parser',
297 silly addNameRange   range: '>=1.9.1-0 <2.0.0-0',
297 silly addNameRange   hasData: true }
298 silly addNameRange versions [ 'body-parser',
298 silly addNameRange   [ '1.0.0',
298 silly addNameRange     '1.0.1',
298 silly addNameRange     '1.0.2',
298 silly addNameRange     '1.1.0',
298 silly addNameRange     '1.1.1',
298 silly addNameRange     '1.1.2',
298 silly addNameRange     '1.2.0',
298 silly addNameRange     '1.2.1',
298 silly addNameRange     '1.2.2',
298 silly addNameRange     '1.3.0',
298 silly addNameRange     '1.3.1',
298 silly addNameRange     '1.4.0',
298 silly addNameRange     '1.4.1',
298 silly addNameRange     '1.4.2',
298 silly addNameRange     '1.4.3',
298 silly addNameRange     '1.5.0',
298 silly addNameRange     '1.5.1',
298 silly addNameRange     '1.5.2',
298 silly addNameRange     '1.6.0',
298 silly addNameRange     '1.6.1',
298 silly addNameRange     '1.6.2',
298 silly addNameRange     '1.6.3',
298 silly addNameRange     '1.6.4',
298 silly addNameRange     '1.6.5',
298 silly addNameRange     '1.6.6',
298 silly addNameRange     '1.6.7',
298 silly addNameRange     '1.7.0',
298 silly addNameRange     '1.8.0',
298 silly addNameRange     '1.8.1',
298 silly addNameRange     '1.8.2',
298 silly addNameRange     '1.8.3',
298 silly addNameRange     '1.8.4',
298 silly addNameRange     '1.9.0',
298 silly addNameRange     '1.9.1' ] ]
299 verbose addNamed [ 'body-parser', '1.9.1' ]
300 verbose addNamed [ '1.9.1', '1.9.1' ]
301 silly lockFile 8ba6cd7a-body-parser-1-9-1 body-parser@1.9.1
302 verbose lock body-parser@1.9.1 /Users/jamesduffy/.npm/8ba6cd7a-body-parser-1-9-1.lock
303 silly addNameRange number 2 { name: 'express', range: '>=4.10.0-0 <5.0.0-0', hasData: true }
304 silly addNameRange versions [ 'express',
304 silly addNameRange   [ '0.14.0',
304 silly addNameRange     '0.14.1',
304 silly addNameRange     '1.0.0',
304 silly addNameRange     '1.0.1',
304 silly addNameRange     '1.0.2',
304 silly addNameRange     '1.0.3',
304 silly addNameRange     '1.0.4',
304 silly addNameRange     '1.0.5',
304 silly addNameRange     '1.0.6',
304 silly addNameRange     '1.0.7',
304 silly addNameRange     '1.0.8',
304 silly addNameRange     '2.0.0',
304 silly addNameRange     '2.1.0',
304 silly addNameRange     '2.1.1',
304 silly addNameRange     '2.2.0',
304 silly addNameRange     '2.2.1',
304 silly addNameRange     '2.2.2',
304 silly addNameRange     '2.3.0',
304 silly addNameRange     '2.3.1',
304 silly addNameRange     '2.3.2',
304 silly addNameRange     '2.3.3',
304 silly addNameRange     '2.3.4',
304 silly addNameRange     '2.3.5',
304 silly addNameRange     '2.3.6',
304 silly addNameRange     '2.3.7',
304 silly addNameRange     '2.3.8',
304 silly addNameRange     '2.3.9',
304 silly addNameRange     '2.3.10',
304 silly addNameRange     '2.3.11',
304 silly addNameRange     '2.3.12',
304 silly addNameRange     '2.4.0',
304 silly addNameRange     '2.4.1',
304 silly addNameRange     '2.4.2',
304 silly addNameRange     '2.4.3',
304 silly addNameRange     '2.4.4',
304 silly addNameRange     '2.4.5',
304 silly addNameRange     '2.4.6',
304 silly addNameRange     '2.4.7',
304 silly addNameRange     '2.5.0',
304 silly addNameRange     '2.5.1',
304 silly addNameRange     '2.5.2',
304 silly addNameRange     '2.5.3',
304 silly addNameRange     '2.5.4',
304 silly addNameRange     '2.5.5',
304 silly addNameRange     '2.5.6',
304 silly addNameRange     '2.5.7',
304 silly addNameRange     '2.5.8',
304 silly addNameRange     '2.5.9',
304 silly addNameRange     '2.5.10',
304 silly addNameRange     '2.5.11',
304 silly addNameRange     '3.0.0',
304 silly addNameRange     '3.0.1',
304 silly addNameRange     '3.0.2',
304 silly addNameRange     '3.0.3',
304 silly addNameRange     '3.0.4',
304 silly addNameRange     '3.0.5',
304 silly addNameRange     '3.0.6',
304 silly addNameRange     '3.1.0',
304 silly addNameRange     '3.1.1',
304 silly addNameRange     '3.1.2',
304 silly addNameRange     '3.2.0',
304 silly addNameRange     '3.2.1',
304 silly addNameRange     '3.2.2',
304 silly addNameRange     '3.2.3',
304 silly addNameRange     '3.2.4',
304 silly addNameRange     '3.2.5',
304 silly addNameRange     '3.2.6',
304 silly addNameRange     '3.3.0',
304 silly addNameRange     '3.3.1',
304 silly addNameRange     '3.3.2',
304 silly addNameRange     '3.3.3',
304 silly addNameRange     '3.3.4',
304 silly addNameRange     '3.3.5',
304 silly addNameRange     '3.3.6',
304 silly addNameRange     '1.0.0-beta',
304 silly addNameRange     '1.0.0-beta2',
304 silly addNameRange     '1.0.0-rc',
304 silly addNameRange     '1.0.0-rc2',
304 silly addNameRange     '1.0.0-rc3',
304 silly addNameRange     '1.0.0-rc4',
304 silly addNameRange     '2.0.0-beta',
304 silly addNameRange     '2.0.0-beta2',
304 silly addNameRange     '2.0.0-beta3',
304 silly addNameRange     '2.0.0-rc',
304 silly addNameRange     '2.0.0-rc2',
304 silly addNameRange     '2.0.0-rc3',
304 silly addNameRange     '3.0.0-alpha1',
304 silly addNameRange     '3.0.0-alpha2',
304 silly addNameRange     '3.0.0-alpha3',
304 silly addNameRange     '3.0.0-alpha4',
304 silly addNameRange     '3.0.0-alpha5',
304 silly addNameRange     '3.0.0-beta1',
304 silly addNameRange     '3.0.0-beta2',
304 silly addNameRange     '3.0.0-beta3',
304 silly addNameRange     '3.0.0-beta4',
304 silly addNameRange     '3.0.0-beta6',
304 silly addNameRange     '3.0.0-beta7',
304 silly addNameRange     '3.0.0-rc1',
304 silly addNameRange     '3.0.0-rc2',
304 silly addNameRange     '3.0.0-rc3',
304 silly addNameRange     '3.0.0-rc4',
304 silly addNameRange     '3.0.0-rc5',
304 silly addNameRange     '3.3.7',
304 silly addNameRange     '3.3.8',
304 silly addNameRange     '3.4.0',
304 silly addNameRange     '3.4.1',
304 silly addNameRange     '3.4.2',
304 silly addNameRange     '3.4.3',
304 silly addNameRange     '3.4.4',
304 silly addNameRange     '3.4.5',
304 silly addNameRange     '3.4.6',
304 silly addNameRange     '3.4.7',
304 silly addNameRange     '3.4.8',
304 silly addNameRange     '4.0.0-rc1',
304 silly addNameRange     '4.0.0-rc2',
304 silly addNameRange     '3.5.0',
304 silly addNameRange     '4.0.0-rc3',
304 silly addNameRange     '4.0.0-rc4',
304 silly addNameRange     '3.5.1',
304 silly addNameRange     '4.0.0',
304 silly addNameRange     '3.5.2',
304 silly addNameRange     '4.1.0',
304 silly addNameRange     '4.1.1',
304 silly addNameRange     '3.5.3',
304 silly addNameRange     '4.1.2',
304 silly addNameRange     '3.6.0',
304 silly addNameRange     '4.2.0',
304 silly addNameRange     '3.7.0',
304 silly addNameRange     '3.8.0',
304 silly addNameRange     '4.3.0',
304 silly addNameRange     '4.3.1',
304 silly addNameRange     '3.8.1',
304 silly addNameRange     '4.3.2',
304 silly addNameRange     '3.9.0',
304 silly addNameRange     '4.4.0',
304 silly addNameRange     '4.4.1',
304 silly addNameRange     '3.10.0',
304 silly addNameRange     '3.10.1',
304 silly addNameRange     '3.10.2',
304 silly addNameRange     '3.10.3',
304 silly addNameRange     '3.10.4',
304 silly addNameRange     '4.4.2',
304 silly addNameRange     '3.10.5',
304 silly addNameRange     '4.4.3',
304 silly addNameRange     '3.11.0',
304 silly addNameRange     '4.4.4',
304 silly addNameRange     '3.12.0',
304 silly addNameRange     '3.12.1',
304 silly addNameRange     '4.4.5',
304 silly addNameRange     '3.13.0',
304 silly addNameRange     '4.5.0',
304 silly addNameRange     '4.5.1',
304 silly addNameRange     '3.14.0',
304 silly addNameRange     '4.6.0',
304 silly addNameRange     '4.6.1',
304 silly addNameRange     '3.15.0',
304 silly addNameRange     '4.7.0',
304 silly addNameRange     '3.15.1',
304 silly addNameRange     '4.7.1',
304 silly addNameRange     '3.15.2',
304 silly addNameRange     '4.7.2',
304 silly addNameRange     '4.7.3',
304 silly addNameRange     '3.15.3',
304 silly addNameRange     '4.7.4',
304 silly addNameRange     '3.16.0',
304 silly addNameRange     '4.8.0',
304 silly addNameRange     '3.16.1',
304 silly addNameRange     '4.8.1',
304 silly addNameRange     '3.16.2',
304 silly addNameRange     '4.8.2',
304 silly addNameRange     '3.16.3',
304 silly addNameRange     '3.16.4',
304 silly addNameRange     '4.8.3',
304 silly addNameRange     '3.16.5',
304 silly addNameRange     '3.16.6',
304 silly addNameRange     '4.8.4',
304 silly addNameRange     '3.16.7',
304 silly addNameRange     '4.8.5',
304 silly addNameRange     '3.16.8',
304 silly addNameRange     '4.8.6',
304 silly addNameRange     '3.16.9',
304 silly addNameRange     '4.8.7',
304 silly addNameRange     '3.16.10',
304 silly addNameRange     '4.8.8',
304 silly addNameRange     '3.17.0',
304 silly addNameRange     '3.17.1',
304 silly addNameRange     '4.9.0',
304 silly addNameRange     '3.17.2',
304 silly addNameRange     '4.9.1',
304 silly addNameRange     '4.9.2',
304 silly addNameRange     '3.17.3',
304 silly addNameRange     '4.9.3',
304 silly addNameRange     '3.17.4',
304 silly addNameRange     '4.9.4',
304 silly addNameRange     '3.17.5',
304 silly addNameRange     '4.9.5',
304 silly addNameRange     '3.17.6',
304 silly addNameRange     '3.17.7',
304 silly addNameRange     '4.9.6',
304 silly addNameRange     '4.9.7',
304 silly addNameRange     '3.17.8',
304 silly addNameRange     '4.9.8',
304 silly addNameRange     '3.18.0',
304 silly addNameRange     '3.18.1',
304 silly addNameRange     '4.10.0' ] ]
305 verbose addNamed [ 'express', '4.10.0' ]
306 verbose addNamed [ '4.10.0', '4.10.0' ]
307 silly lockFile 1371ef67-express-4-10-0 express@4.10.0
308 verbose lock express@4.10.0 /Users/jamesduffy/.npm/1371ef67-express-4-10-0.lock
309 http 304 https://registry.npmjs.org/ejs
310 silly registry.get cb [ 304,
310 silly registry.get   { date: 'Fri, 24 Oct 2014 18:48:37 GMT',
310 silly registry.get     server: 'Apache',
310 silly registry.get     via: '1.1 varnish',
310 silly registry.get     'last-modified': 'Fri, 24 Oct 2014 18:48:37 GMT',
310 silly registry.get     'cache-control': 'max-age=60',
310 silly registry.get     etag: '"15TJWYSPTT04PG8RFMKMQ8233"',
310 silly registry.get     age: '41',
310 silly registry.get     'x-served-by': 'cache-lax1428-LAX',
310 silly registry.get     'x-cache': 'HIT',
310 silly registry.get     'x-cache-hits': '1',
310 silly registry.get     'x-timer': 'S1414176517.022977,VS0,VE0',
310 silly registry.get     vary: 'Accept',
310 silly registry.get     'content-length': '0',
310 silly registry.get     'keep-alive': 'timeout=10, max=49',
310 silly registry.get     connection: 'Keep-Alive' } ]
311 verbose etag https://registry.npmjs.org/ejs from cache
312 http 304 https://registry.npmjs.org/express-session
313 silly registry.get cb [ 304,
313 silly registry.get   { date: 'Fri, 24 Oct 2014 18:48:37 GMT',
313 silly registry.get     server: 'Apache',
313 silly registry.get     via: '1.1 varnish',
313 silly registry.get     'last-modified': 'Fri, 24 Oct 2014 18:48:37 GMT',
313 silly registry.get     'cache-control': 'max-age=60',
313 silly registry.get     etag: '"50LLO0XV3TOBT97D6S21MRMXX"',
313 silly registry.get     age: '60',
313 silly registry.get     'x-served-by': 'cache-lax1421-LAX',
313 silly registry.get     'x-cache': 'HIT',
313 silly registry.get     'x-cache-hits': '1',
313 silly registry.get     'x-timer': 'S1414176517.021923,VS0,VE0',
313 silly registry.get     vary: 'Accept',
313 silly registry.get     'content-length': '0',
313 silly registry.get     'keep-alive': 'timeout=10, max=49',
313 silly registry.get     connection: 'Keep-Alive' } ]
314 verbose etag https://registry.npmjs.org/express-session from cache
315 http 304 https://registry.npmjs.org/lodash
316 silly registry.get cb [ 304,
316 silly registry.get   { date: 'Fri, 24 Oct 2014 18:48:37 GMT',
316 silly registry.get     server: 'Apache',
316 silly registry.get     via: '1.1 varnish',
316 silly registry.get     'last-modified': 'Fri, 24 Oct 2014 18:48:37 GMT',
316 silly registry.get     'cache-control': 'max-age=60',
316 silly registry.get     etag: '"KUL1TEPQQOJ7LC9P63GTQDPX"',
316 silly registry.get     age: '3',
316 silly registry.get     'x-served-by': 'cache-lax1429-LAX',
316 silly registry.get     'x-cache': 'HIT',
316 silly registry.get     'x-cache-hits': '1',
316 silly registry.get     'x-timer': 'S1414176517.025515,VS0,VE0',
316 silly registry.get     vary: 'Accept',
316 silly registry.get     'content-length': '0',
316 silly registry.get     'keep-alive': 'timeout=10, max=49',
316 silly registry.get     connection: 'Keep-Alive' } ]
317 verbose etag https://registry.npmjs.org/lodash from cache
318 silly lockFile b563cf22-passport-0-2-1 passport@0.2.1
319 silly lockFile b563cf22-passport-0-2-1 passport@0.2.1
320 silly lockFile 8defd22e-passport-local-1-0-0 passport-local@1.0.0
321 silly lockFile 8defd22e-passport-local-1-0-0 passport-local@1.0.0
322 silly addNameRange number 2 { name: 'ejs', range: '*', hasData: true }
323 silly addNameRange versions [ 'ejs',
323 silly addNameRange   [ '0.0.1',
323 silly addNameRange     '0.0.2',
323 silly addNameRange     '0.0.3',
323 silly addNameRange     '0.0.4',
323 silly addNameRange     '0.1.0',
323 silly addNameRange     '0.2.0',
323 silly addNameRange     '0.2.1',
323 silly addNameRange     '0.3.0',
323 silly addNameRange     '0.3.1',
323 silly addNameRange     '0.4.0',
323 silly addNameRange     '0.4.1',
323 silly addNameRange     '0.4.2',
323 silly addNameRange     '0.4.3',
323 silly addNameRange     '0.5.0',
323 silly addNameRange     '0.6.0',
323 silly addNameRange     '0.6.1',
323 silly addNameRange     '0.7.0',
323 silly addNameRange     '0.7.1',
323 silly addNameRange     '0.7.2',
323 silly addNameRange     '0.8.0',
323 silly addNameRange     '0.8.1',
323 silly addNameRange     '0.8.2',
323 silly addNameRange     '0.8.3',
323 silly addNameRange     '0.8.4',
323 silly addNameRange     '0.8.5',
323 silly addNameRange     '0.8.6',
323 silly addNameRange     '0.8.8',
323 silly addNameRange     '1.0.0' ] ]
324 verbose addNamed [ 'ejs', '1.0.0' ]
325 verbose addNamed [ '1.0.0', '1.0.0' ]
326 silly lockFile 3b9d58f7-ejs-1-0-0 ejs@1.0.0
327 verbose lock ejs@1.0.0 /Users/jamesduffy/.npm/3b9d58f7-ejs-1-0-0.lock
328 silly addNameRange number 2 { name: 'express-session', range: '*', hasData: true }
329 silly addNameRange versions [ 'express-session',
329 silly addNameRange   [ '1.0.0',
329 silly addNameRange     '1.0.1',
329 silly addNameRange     '1.0.2',
329 silly addNameRange     '1.0.3',
329 silly addNameRange     '1.0.4',
329 silly addNameRange     '1.1.0',
329 silly addNameRange     '1.2.0',
329 silly addNameRange     '1.2.1',
329 silly addNameRange     '1.3.0',
329 silly addNameRange     '1.3.1',
329 silly addNameRange     '1.4.0',
329 silly addNameRange     '1.5.0',
329 silly addNameRange     '1.5.1',
329 silly addNameRange     '1.5.2',
329 silly addNameRange     '1.6.0',
329 silly addNameRange     '1.6.1',
329 silly addNameRange     '1.6.2',
329 silly addNameRange     '1.6.3',
329 silly addNameRange     '1.6.4',
329 silly addNameRange     '1.6.5',
329 silly addNameRange     '1.7.0',
329 silly addNameRange     '1.7.1',
329 silly addNameRange     '1.7.2',
329 silly addNameRange     '1.7.3',
329 silly addNameRange     '1.7.4',
329 silly addNameRange     '1.7.5',
329 silly addNameRange     '1.7.6',
329 silly addNameRange     '1.8.0',
329 silly addNameRange     '1.8.1',
329 silly addNameRange     '1.8.2',
329 silly addNameRange     '1.9.0',
329 silly addNameRange     '1.9.1' ] ]
330 verbose addNamed [ 'express-session', '1.9.1' ]
331 verbose addNamed [ '1.9.1', '1.9.1' ]
332 silly lockFile c0a3989b-express-session-1-9-1 express-session@1.9.1
333 verbose lock express-session@1.9.1 /Users/jamesduffy/.npm/c0a3989b-express-session-1-9-1.lock
334 silly lockFile 8ba6cd7a-body-parser-1-9-1 body-parser@1.9.1
335 silly lockFile 8ba6cd7a-body-parser-1-9-1 body-parser@1.9.1
336 silly lockFile 7e55d14c-passport-0-2-1 passport@^0.2.1
337 silly lockFile 7e55d14c-passport-0-2-1 passport@^0.2.1
338 silly lockFile 1fd84617-passport-local-1-0-0 passport-local@^1.0.0
339 silly lockFile 1fd84617-passport-local-1-0-0 passport-local@^1.0.0
340 silly lockFile 1371ef67-express-4-10-0 express@4.10.0
341 silly lockFile 1371ef67-express-4-10-0 express@4.10.0
342 silly lockFile 55b4c65f-body-parser-1-9-1 body-parser@^1.9.1
343 silly lockFile 55b4c65f-body-parser-1-9-1 body-parser@^1.9.1
344 silly addNameRange number 2 { name: 'lodash', range: '*', hasData: true }
345 silly addNameRange versions [ 'lodash',
345 silly addNameRange   [ '0.1.0',
345 silly addNameRange     '0.2.0',
345 silly addNameRange     '0.2.1',
345 silly addNameRange     '0.2.2',
345 silly addNameRange     '0.3.0',
345 silly addNameRange     '0.3.1',
345 silly addNameRange     '0.3.2',
345 silly addNameRange     '0.4.0',
345 silly addNameRange     '0.4.1',
345 silly addNameRange     '0.4.2',
345 silly addNameRange     '0.5.0-rc.1',
345 silly addNameRange     '0.5.0',
345 silly addNameRange     '0.5.1',
345 silly addNameRange     '0.5.2',
345 silly addNameRange     '0.6.0',
345 silly addNameRange     '0.6.1',
345 silly addNameRange     '0.7.0',
345 silly addNameRange     '0.8.0',
345 silly addNameRange     '0.8.1',
345 silly addNameRange     '0.8.2',
345 silly addNameRange     '0.9.0',
345 silly addNameRange     '0.9.1',
345 silly addNameRange     '0.9.2',
345 silly addNameRange     '0.10.0',
345 silly addNameRange     '1.0.0-rc.1',
345 silly addNameRange     '1.0.0-rc.2',
345 silly addNameRange     '1.0.0-rc.3',
345 silly addNameRange     '1.0.0',
345 silly addNameRange     '1.0.1',
345 silly addNameRange     '1.1.0',
345 silly addNameRange     '1.1.1',
345 silly addNameRange     '1.2.0',
345 silly addNameRange     '1.2.1',
345 silly addNameRange     '1.3.0',
345 silly addNameRange     '1.3.1',
345 silly addNameRange     '2.0.0',
345 silly addNameRange     '2.1.0',
345 silly addNameRange     '2.2.0',
345 silly addNameRange     '2.2.1',
345 silly addNameRange     '2.3.0',
345 silly addNameRange     '2.4.0',
345 silly addNameRange     '2.4.1' ] ]
346 verbose addNamed [ 'lodash', '2.4.1' ]
347 verbose addNamed [ '2.4.1', '2.4.1' ]
348 silly lockFile 8502be2a-lodash-2-4-1 lodash@2.4.1
349 verbose lock lodash@2.4.1 /Users/jamesduffy/.npm/8502be2a-lodash-2-4-1.lock
350 silly lockFile 1da83e4a-express-4-10-0 express@^4.10.0
351 silly lockFile 1da83e4a-express-4-10-0 express@^4.10.0
352 silly lockFile 3b9d58f7-ejs-1-0-0 ejs@1.0.0
353 silly lockFile 3b9d58f7-ejs-1-0-0 ejs@1.0.0
354 silly lockFile c0a3989b-express-session-1-9-1 express-session@1.9.1
355 silly lockFile c0a3989b-express-session-1-9-1 express-session@1.9.1
356 silly lockFile bcdf6e5f-ejs ejs@
357 silly lockFile bcdf6e5f-ejs ejs@
358 silly lockFile 03cac062-express-session express-session@
359 silly lockFile 03cac062-express-session express-session@
360 http 304 https://registry.npmjs.org/morgan
361 silly registry.get cb [ 304,
361 silly registry.get   { date: 'Fri, 24 Oct 2014 18:48:37 GMT',
361 silly registry.get     server: 'Apache',
361 silly registry.get     via: '1.1 varnish',
361 silly registry.get     'last-modified': 'Fri, 24 Oct 2014 18:48:37 GMT',
361 silly registry.get     'cache-control': 'max-age=60',
361 silly registry.get     etag: '"845YH9YY93XXM0OJZYG6I3IRQ"',
361 silly registry.get     age: '59',
361 silly registry.get     'x-served-by': 'cache-lax1428-LAX',
361 silly registry.get     'x-cache': 'HIT',
361 silly registry.get     'x-cache-hits': '1',
361 silly registry.get     'x-timer': 'S1414176517.052464,VS0,VE0',
361 silly registry.get     vary: 'Accept',
361 silly registry.get     'content-length': '0',
361 silly registry.get     'keep-alive': 'timeout=10, max=48',
361 silly registry.get     connection: 'Keep-Alive' } ]
362 verbose etag https://registry.npmjs.org/morgan from cache
363 silly lockFile 8502be2a-lodash-2-4-1 lodash@2.4.1
364 silly lockFile 8502be2a-lodash-2-4-1 lodash@2.4.1
365 silly lockFile f856e425-lodash lodash@
366 silly lockFile f856e425-lodash lodash@
367 silly addNameRange number 2 { name: 'morgan', range: '*', hasData: true }
368 silly addNameRange versions [ 'morgan',
368 silly addNameRange   [ '1.0.0',
368 silly addNameRange     '1.0.1',
368 silly addNameRange     '1.1.0',
368 silly addNameRange     '1.1.1',
368 silly addNameRange     '1.2.0',
368 silly addNameRange     '1.2.1',
368 silly addNameRange     '1.2.2',
368 silly addNameRange     '1.2.3',
368 silly addNameRange     '1.3.0',
368 silly addNameRange     '1.3.1',
368 silly addNameRange     '1.3.2',
368 silly addNameRange     '1.4.0',
368 silly addNameRange     '1.4.1' ] ]
369 verbose addNamed [ 'morgan', '1.4.1' ]
370 verbose addNamed [ '1.4.1', '1.4.1' ]
371 silly lockFile a46cba56-morgan-1-4-1 morgan@1.4.1
372 verbose lock morgan@1.4.1 /Users/jamesduffy/.npm/a46cba56-morgan-1-4-1.lock
373 silly lockFile a46cba56-morgan-1-4-1 morgan@1.4.1
374 silly lockFile a46cba56-morgan-1-4-1 morgan@1.4.1
375 silly lockFile aca3bbc6-morgan morgan@
376 silly lockFile aca3bbc6-morgan morgan@
377 http 304 https://registry.npmjs.org/connect-flash
378 silly registry.get cb [ 304,
378 silly registry.get   { date: 'Fri, 24 Oct 2014 18:48:37 GMT',
378 silly registry.get     server: 'Apache',
378 silly registry.get     via: '1.1 varnish',
378 silly registry.get     'last-modified': 'Fri, 24 Oct 2014 18:48:37 GMT',
378 silly registry.get     'cache-control': 'max-age=60',
378 silly registry.get     etag: '"5J4UC4TV2EWVUU1RDUVAXGKO3"',
378 silly registry.get     age: '0',
378 silly registry.get     'x-served-by': 'cache-lax1424-LAX',
378 silly registry.get     'x-cache': 'HIT',
378 silly registry.get     'x-cache-hits': '1',
378 silly registry.get     'x-timer': 'S1414176517.021376,VS0,VE41',
378 silly registry.get     vary: 'Accept',
378 silly registry.get     'content-length': '0',
378 silly registry.get     'keep-alive': 'timeout=10, max=49',
378 silly registry.get     connection: 'Keep-Alive' } ]
379 verbose etag https://registry.npmjs.org/connect-flash from cache
380 silly addNameRange number 2 { name: 'connect-flash', range: '*', hasData: true }
381 silly addNameRange versions [ 'connect-flash', [ '0.1.0', '0.1.1' ] ]
382 verbose addNamed [ 'connect-flash', '0.1.1' ]
383 verbose addNamed [ '0.1.1', '0.1.1' ]
384 silly lockFile 0cdf4f98-connect-flash-0-1-1 connect-flash@0.1.1
385 verbose lock connect-flash@0.1.1 /Users/jamesduffy/.npm/0cdf4f98-connect-flash-0-1-1.lock
386 silly lockFile 0cdf4f98-connect-flash-0-1-1 connect-flash@0.1.1
387 silly lockFile 0cdf4f98-connect-flash-0-1-1 connect-flash@0.1.1
388 silly lockFile 5d858a09-connect-flash connect-flash@
389 silly lockFile 5d858a09-connect-flash connect-flash@
390 http 304 https://registry.npmjs.org/pg
391 silly registry.get cb [ 304,
391 silly registry.get   { date: 'Fri, 24 Oct 2014 18:48:37 GMT',
391 silly registry.get     server: 'Apache',
391 silly registry.get     via: '1.1 varnish',
391 silly registry.get     'last-modified': 'Fri, 24 Oct 2014 18:48:37 GMT',
391 silly registry.get     'cache-control': 'max-age=60',
391 silly registry.get     etag: '"4GU2GLNYVZHQJDT487VEQ55BU"',
391 silly registry.get     age: '0',
391 silly registry.get     'x-served-by': 'cache-lax1428-LAX',
391 silly registry.get     'x-cache': 'HIT',
391 silly registry.get     'x-cache-hits': '1',
391 silly registry.get     'x-timer': 'S1414176517.083833,VS0,VE74',
391 silly registry.get     vary: 'Accept',
391 silly registry.get     'content-length': '0',
391 silly registry.get     'keep-alive': 'timeout=10, max=47',
391 silly registry.get     connection: 'Keep-Alive' } ]
392 verbose etag https://registry.npmjs.org/pg from cache
393 silly addNameRange number 2 { name: 'pg', range: '*', hasData: true }
394 silly addNameRange versions [ 'pg',
394 silly addNameRange   [ '0.4.1',
394 silly addNameRange     '0.5.0',
394 silly addNameRange     '0.5.1',
394 silly addNameRange     '0.5.2',
394 silly addNameRange     '0.5.3',
394 silly addNameRange     '0.5.4',
394 silly addNameRange     '0.5.5',
394 silly addNameRange     '0.5.6',
394 silly addNameRange     '0.5.7',
394 silly addNameRange     '0.5.8',
394 silly addNameRange     '0.6.0',
394 silly addNameRange     '0.6.1',
394 silly addNameRange     '0.6.2',
394 silly addNameRange     '0.6.3',
394 silly addNameRange     '0.6.4',
394 silly addNameRange     '0.6.5',
394 silly addNameRange     '0.6.6',
394 silly addNameRange     '0.6.7',
394 silly addNameRange     '0.6.8',
394 silly addNameRange     '0.6.9',
394 silly addNameRange     '0.6.10',
394 silly addNameRange     '0.6.11',
394 silly addNameRange     '0.6.12',
394 silly addNameRange     '0.6.13',
394 silly addNameRange     '0.6.14',
394 silly addNameRange     '0.6.15',
394 silly addNameRange     '0.6.16',
394 silly addNameRange     '0.6.17',
394 silly addNameRange     '0.6.18',
394 silly addNameRange     '0.7.0',
394 silly addNameRange     '0.7.1',
394 silly addNameRange     '0.7.2',
394 silly addNameRange     '0.8.0',
394 silly addNameRange     '0.8.1',
394 silly addNameRange     '0.8.2',
394 silly addNameRange     '0.8.3',
394 silly addNameRange     '0.8.4',
394 silly addNameRange     '0.8.6',
394 silly addNameRange     '0.8.7',
394 silly addNameRange     '0.8.8',
394 silly addNameRange     '0.9.0',
394 silly addNameRange     '0.10.0',
394 silly addNameRange     '0.10.2',
394 silly addNameRange     '0.11.1',
394 silly addNameRange     '0.11.2',
394 silly addNameRange     '0.11.3',
394 silly addNameRange     '0.12.0',
394 silly addNameRange     '0.12.1',
394 silly addNameRange     '0.12.3',
394 silly addNameRange     '0.13.0',
394 silly addNameRange     '0.13.1',
394 silly addNameRange     '0.13.3',
394 silly addNameRange     '0.14.0',
394 silly addNameRange     '0.14.1',
394 silly addNameRange     '0.15.0',
394 silly addNameRange     '0.15.1',
394 silly addNameRange     '1.0.0',
394 silly addNameRange     '1.0.1',
394 silly addNameRange     '1.0.2',
394 silly addNameRange     '1.0.3',
394 silly addNameRange     '1.0.4',
394 silly addNameRange     '1.1.0',
394 silly addNameRange     '1.1.1',
394 silly addNameRange     '1.1.2',
394 silly addNameRange     '1.1.3',
394 silly addNameRange     '1.2.0',
394 silly addNameRange     '1.3.0',
394 silly addNameRange     '2.0.0',
394 silly addNameRange     '2.1.0',
394 silly addNameRange     '2.2.0',
394 silly addNameRange     '2.3.0',
394 silly addNameRange     '2.3.1',
394 silly addNameRange     '2.4.0',
394 silly addNameRange     '2.5.0',
394 silly addNameRange     '2.5.1',
394 silly addNameRange     '2.6.0',
394 silly addNameRange     '2.6.1',
394 silly addNameRange     '2.6.2',
394 silly addNameRange     '2.7.0',
394 silly addNameRange     '2.8.0',
394 silly addNameRange     '2.8.1',
394 silly addNameRange     '2.8.2',
394 silly addNameRange     '2.8.3',
394 silly addNameRange     '2.8.4',
394 silly addNameRange     '2.8.5',
394 silly addNameRange     '2.9.0',
394 silly addNameRange     '2.10.0',
394 silly addNameRange     '2.11.0',
394 silly addNameRange     '2.11.1',
394 silly addNameRange     '3.0.2',
394 silly addNameRange     '3.0.3',
394 silly addNameRange     '3.1.0',
394 silly addNameRange     '3.2.0',
394 silly addNameRange     '3.3.0',
394 silly addNameRange     '3.4.0',
394 silly addNameRange     '3.4.1',
394 silly addNameRange     '3.4.2',
394 silly addNameRange     '3.4.3',
394 silly addNameRange     '3.4.4',
394 silly addNameRange     '3.4.5',
394 silly addNameRange     '3.5.0',
394 silly addNameRange     '3.6.0',
394 silly addNameRange     '4.0.0-beta2',
394 silly addNameRange     '3.6.1',
394 silly addNameRange     '3.6.2' ] ]
395 verbose addNamed [ 'pg', '3.6.2' ]
396 verbose addNamed [ '3.6.2', '3.6.2' ]
397 silly lockFile cf59ca42-pg-3-6-2 pg@3.6.2
398 verbose lock pg@3.6.2 /Users/jamesduffy/.npm/cf59ca42-pg-3-6-2.lock
399 http 404 https://registry.npmjs.org/cookie-parsercookie-session
400 verbose headers { date: 'Fri, 24 Oct 2014 18:48:37 GMT',
400 verbose headers   server: 'CouchDB/1.5.0 (Erlang OTP/R16B03)',
400 verbose headers   'content-type': 'application/json',
400 verbose headers   'cache-control': 'max-age=0',
400 verbose headers   'content-length': '52',
400 verbose headers   'accept-ranges': 'bytes',
400 verbose headers   via: '1.1 varnish',
400 verbose headers   age: '0',
400 verbose headers   'x-served-by': 'cache-lax1433-LAX',
400 verbose headers   'x-cache': 'MISS',
400 verbose headers   'x-cache-hits': '0',
400 verbose headers   'x-timer': 'S1414176516.986089,VS0,VE179',
400 verbose headers   'keep-alive': 'timeout=10, max=50',
400 verbose headers   connection: 'Keep-Alive' }
401 silly registry.get cb [ 404,
401 silly registry.get   { date: 'Fri, 24 Oct 2014 18:48:37 GMT',
401 silly registry.get     server: 'CouchDB/1.5.0 (Erlang OTP/R16B03)',
401 silly registry.get     'content-type': 'application/json',
401 silly registry.get     'cache-control': 'max-age=0',
401 silly registry.get     'content-length': '52',
401 silly registry.get     'accept-ranges': 'bytes',
401 silly registry.get     via: '1.1 varnish',
401 silly registry.get     age: '0',
401 silly registry.get     'x-served-by': 'cache-lax1433-LAX',
401 silly registry.get     'x-cache': 'MISS',
401 silly registry.get     'x-cache-hits': '0',
401 silly registry.get     'x-timer': 'S1414176516.986089,VS0,VE179',
401 silly registry.get     'keep-alive': 'timeout=10, max=50',
401 silly registry.get     connection: 'Keep-Alive' } ]
402 silly lockFile c999b59f-cookie-parsercookie-session cookie-parsercookie-session@
403 silly lockFile c999b59f-cookie-parsercookie-session cookie-parsercookie-session@
404 silly lockFile cf59ca42-pg-3-6-2 pg@3.6.2
405 silly lockFile cf59ca42-pg-3-6-2 pg@3.6.2
406 silly lockFile 48c85ce3-pg pg@
407 silly lockFile 48c85ce3-pg pg@
408 http 304 https://registry.npmjs.org/bcrypt
409 silly registry.get cb [ 304,
409 silly registry.get   { date: 'Fri, 24 Oct 2014 18:48:37 GMT',
409 silly registry.get     server: 'Apache',
409 silly registry.get     via: '1.1 varnish',
409 silly registry.get     'last-modified': 'Fri, 24 Oct 2014 18:48:37 GMT',
409 silly registry.get     'cache-control': 'max-age=60',
409 silly registry.get     etag: '"3IPU9Q845JPBC06WKDBHWE4QW"',
409 silly registry.get     age: '0',
409 silly registry.get     'x-served-by': 'cache-lax1421-LAX',
409 silly registry.get     'x-cache': 'HIT',
409 silly registry.get     'x-cache-hits': '1',
409 silly registry.get     'x-timer': 'S1414176517.054126,VS0,VE178',
409 silly registry.get     vary: 'Accept',
409 silly registry.get     'content-length': '0',
409 silly registry.get     'keep-alive': 'timeout=10, max=48',
409 silly registry.get     connection: 'Keep-Alive' } ]
410 verbose etag https://registry.npmjs.org/bcrypt from cache
411 silly addNameRange number 2 { name: 'bcrypt', range: '*', hasData: true }
412 silly addNameRange versions [ 'bcrypt',
412 silly addNameRange   [ '0.1.2',
412 silly addNameRange     '0.2.0',
412 silly addNameRange     '0.2.1',
412 silly addNameRange     '0.1.3',
412 silly addNameRange     '0.2.2',
412 silly addNameRange     '0.2.3',
412 silly addNameRange     '0.2.4',
412 silly addNameRange     '0.3.0',
412 silly addNameRange     '0.3.1',
412 silly addNameRange     '0.3.2',
412 silly addNameRange     '0.4.0',
412 silly addNameRange     '0.4.1',
412 silly addNameRange     '0.5.0',
412 silly addNameRange     '0.6.0',
412 silly addNameRange     '0.7.0',
412 silly addNameRange     '0.7.1',
412 silly addNameRange     '0.7.2',
412 silly addNameRange     '0.7.3',
412 silly addNameRange     '0.7.4',
412 silly addNameRange     '0.7.5',
412 silly addNameRange     '0.7.6',
412 silly addNameRange     '0.7.7',
412 silly addNameRange     '0.7.8',
412 silly addNameRange     '0.8.0' ] ]
413 verbose addNamed [ 'bcrypt', '0.8.0' ]
414 verbose addNamed [ '0.8.0', '0.8.0' ]
415 silly lockFile d33dacdf-bcrypt-0-8-0 bcrypt@0.8.0
416 verbose lock bcrypt@0.8.0 /Users/jamesduffy/.npm/d33dacdf-bcrypt-0-8-0.lock
417 silly lockFile d33dacdf-bcrypt-0-8-0 bcrypt@0.8.0
418 silly lockFile d33dacdf-bcrypt-0-8-0 bcrypt@0.8.0
419 silly lockFile 1351601c-bcrypt bcrypt@
420 silly lockFile 1351601c-bcrypt bcrypt@
421 http 304 https://registry.npmjs.org/sequelize
422 silly registry.get cb [ 304,
422 silly registry.get   { date: 'Fri, 24 Oct 2014 18:48:37 GMT',
422 silly registry.get     server: 'Apache',
422 silly registry.get     via: '1.1 varnish',
422 silly registry.get     'last-modified': 'Fri, 24 Oct 2014 18:48:37 GMT',
422 silly registry.get     'cache-control': 'max-age=60',
422 silly registry.get     etag: '"8SQARYUUWQ9WUCP7WEZ2I0UB"',
422 silly registry.get     age: '0',
422 silly registry.get     'x-served-by': 'cache-lax1429-LAX',
422 silly registry.get     'x-cache': 'MISS',
422 silly registry.get     'x-cache-hits': '0',
422 silly registry.get     'x-timer': 'S1414176517.053515,VS0,VE204',
422 silly registry.get     vary: 'Accept',
422 silly registry.get     'content-length': '0',
422 silly registry.get     'keep-alive': 'timeout=10, max=48',
422 silly registry.get     connection: 'Keep-Alive' } ]
423 verbose etag https://registry.npmjs.org/sequelize from cache
424 silly addNameRange number 2 { name: 'sequelize', range: '*', hasData: true }
425 silly addNameRange versions [ 'sequelize',
425 silly addNameRange   [ '0.2.2',
425 silly addNameRange     '0.2.3',
425 silly addNameRange     '0.2.4',
425 silly addNameRange     '0.2.5',
425 silly addNameRange     '0.2.6',
425 silly addNameRange     '0.3.0',
425 silly addNameRange     '0.4.0',
425 silly addNameRange     '0.4.1',
425 silly addNameRange     '0.4.2',
425 silly addNameRange     '0.4.3',
425 silly addNameRange     '1.0.0',
425 silly addNameRange     '1.0.1',
425 silly addNameRange     '1.0.2',
425 silly addNameRange     '1.1.0',
425 silly addNameRange     '1.1.1',
425 silly addNameRange     '1.1.2',
425 silly addNameRange     '1.1.3',
425 silly addNameRange     '1.1.4',
425 silly addNameRange     '1.2.0',
425 silly addNameRange     '1.2.1',
425 silly addNameRange     '1.3.0',
425 silly addNameRange     '1.3.1',
425 silly addNameRange     '1.3.2',
425 silly addNameRange     '1.3.3',
425 silly addNameRange     '1.3.4',
425 silly addNameRange     '1.3.5',
425 silly addNameRange     '1.3.6',
425 silly addNameRange     '1.3.7',
425 silly addNameRange     '1.4.0',
425 silly addNameRange     '1.4.1',
425 silly addNameRange     '1.5.0-alpha',
425 silly addNameRange     '1.5.0-beta',
425 silly addNameRange     '1.5.0-beta-2',
425 silly addNameRange     '1.5.0',
425 silly addNameRange     '1.6.0-alpha-1',
425 silly addNameRange     '1.6.0-alpha-2',
425 silly addNameRange     '1.6.0-alpha-3',
425 silly addNameRange     '1.6.0-beta-1',
425 silly addNameRange     '1.6.0-beta-2',
425 silly addNameRange     '1.6.0-beta-3',
425 silly addNameRange     '1.6.0-beta4',
425 silly addNameRange     '1.6.0',
425 silly addNameRange     '1.7.0-alpha1',
425 silly addNameRange     '1.7.0-alpha2',
425 silly addNameRange     '2.0.0-alpha1',
425 silly addNameRange     '2.0.0-alpha2',
425 silly addNameRange     '1.7.0-alpha3',
425 silly addNameRange     '2.0.0-alpha3',
425 silly addNameRange     '1.7.0-beta.0',
425 silly addNameRange     '2.0.0-beta.0',
425 silly addNameRange     '1.7.0-beta.1',
425 silly addNameRange     '2.0.0-beta.1',
425 silly addNameRange     '1.7.0-beta.2',
425 silly addNameRange     '2.0.0-beta.2',
425 silly addNameRange     '1.7.0-beta.3b',
425 silly addNameRange     '2.0.0-beta.3',
425 silly addNameRange     '1.7.0-beta.4a',
425 silly addNameRange     '2.0.0-beta.4',
425 silly addNameRange     '1.7.0-beta.5',
425 silly addNameRange     '2.0.0-beta.5',
425 silly addNameRange     '1.7.0-beta6',
425 silly addNameRange     '2.0.0-beta.6',
425 silly addNameRange     '1.7.0-beta7',
425 silly addNameRange     '2.0.0-beta.7',
425 silly addNameRange     '2.0.0-beta.8',
425 silly addNameRange     '1.7.0-beta8',
425 silly addNameRange     '1.7.0-rc1',
425 silly addNameRange     '2.0.0-dev1',
425 silly addNameRange     '1.7.0-rc2',
425 silly addNameRange     '2.0.0-dev2',
425 silly addNameRange     '1.7.0-rc3',
425 silly addNameRange     '2.0.0-dev3',
425 silly addNameRange     '1.7.0-rc4',
425 silly addNameRange     '2.0.0-dev4',
425 silly addNameRange     '2.0.0-dev5',
425 silly addNameRange     '1.7.0-rc5',
425 silly addNameRange     '1.7.0-rc6',
425 silly addNameRange     '2.0.0-dev6',
425 silly addNameRange     '2.0.0-dev7',
425 silly addNameRange     '1.7.0-rc7',
425 silly addNameRange     '2.0.0-dev8',
425 silly addNameRange     '1.7.0-rc8',
425 silly addNameRange     '1.7.0-rc9',
425 silly addNameRange     '2.0.0-dev9',
425 silly addNameRange     '2.0.0-dev10',
425 silly addNameRange     '1.7.0',
425 silly addNameRange     '1.7.1',
425 silly addNameRange     '1.7.2',
425 silly addNameRange     '1.7.3',
425 silly addNameRange     '2.0.0-dev11',
425 silly addNameRange     '1.7.4',
425 silly addNameRange     '1.7.5',
425 silly addNameRange     '1.7.7',
425 silly addNameRange     '1.7.8',
425 silly addNameRange     '1.7.9',
425 silly addNameRange     '2.0.0-dev12',
425 silly addNameRange     '1.7.10',
425 silly addNameRange     '2.0.0-dev13',
425 silly addNameRange     '2.0.0-rc1',
425 silly addNameRange     '2.0.0-rc2' ] ]
426 verbose addNamed [ 'sequelize', '2.0.0-rc2' ]
427 verbose addNamed [ '2.0.0-rc2', '2.0.0-rc2' ]
428 silly lockFile 8d5b505a-sequelize-2-0-0-rc2 sequelize@2.0.0-rc2
429 verbose lock sequelize@2.0.0-rc2 /Users/jamesduffy/.npm/8d5b505a-sequelize-2-0-0-rc2.lock
430 silly lockFile 8d5b505a-sequelize-2-0-0-rc2 sequelize@2.0.0-rc2
431 silly lockFile 8d5b505a-sequelize-2-0-0-rc2 sequelize@2.0.0-rc2
432 silly lockFile 57143dcb-sequelize sequelize@
433 silly lockFile 57143dcb-sequelize sequelize@
434 error 404 404 Not Found: cookie-parsercookie-session
434 error 404
434 error 404 'cookie-parsercookie-session' is not in the npm registry.
434 error 404 You should bug the author to publish it
434 error 404 It was specified as a dependency of 'project_one'
434 error 404
434 error 404 Note that you can also install from a
434 error 404 tarball, folder, or http url, or git url.
435 error System Darwin 13.4.0
436 error command "node" "/usr/local/bin/npm" "install" "--save" "express" "body-parser" "passport" "passport-local" "cookie-parsercookie-session" "connect-flash" "morgan" "ejs" "express-session" "lodash" "bcrypt" "pg" "sequelize"
437 error cwd /Users/jamesduffy/Code/project_one
438 error node -v v0.10.32
439 error npm -v 1.4.28
440 error code E404
441 verbose exit [ 1, true ]
